<?xml version="1.0" encoding="UTF-8"?>
<testsuite xmlns:xsi="http://www.w3.org/2001/XMLSchema-instance" xsi:noNamespaceSchemaLocation="https://maven.apache.org/surefire/maven-surefire-plugin/xsd/surefire-test-report.xsd" name="tdd.registry.RegistryTest" time="0.222" tests="5" errors="0" skipped="0" failures="0">
  <properties>
[...]
</properties>
  <testcase name="validateRegistryResultWithUnderage" classname="tdd.registry.RegistryTest" time="0.018"/>
  <testcase name="validateRegistryResultWithInvalidAge2" classname="tdd.registry.RegistryTest" time="0"/>
  <testcase name="AliveRegistryResult" classname="tdd.registry.RegistryTest" time="0"/>
  <testcase name="validateRegistryResultWithInvalidAge" classname="tdd.registry.RegistryTest" time="0"/>
  <testcase name="validateRegistryResult" classname="tdd.registry.RegistryTest" time="0.003"/>
</testsuite>